0 info it worked if it ends with ok
1 verbose cli [ '/usr/local/bin/node',
1 verbose cli   '/usr/local/bin/npm',
1 verbose cli   'install',
1 verbose cli   '--save',
1 verbose cli   'react@0.26.2' ]
2 info using npm@2.15.1
3 info using node@v4.4.3
4 verbose install initial load of /Users/sbarghshoon/Desktop/ReactWeatherAlt/package.json
5 warn package.json boilerplate@1.0.0 No repository field.
6 verbose installManyTop reading scoped package data from /Users/sbarghshoon/Desktop/ReactWeatherAlt/node_modules/axios/package.json
7 verbose installManyTop reading scoped package data from /Users/sbarghshoon/Desktop/ReactWeatherAlt/node_modules/babel-core/package.json
8 verbose installManyTop reading scoped package data from /Users/sbarghshoon/Desktop/ReactWeatherAlt/node_modules/babel-loader/package.json
9 verbose installManyTop reading scoped package data from /Users/sbarghshoon/Desktop/ReactWeatherAlt/node_modules/babel-preset-es2015/package.json
10 verbose installManyTop reading scoped package data from /Users/sbarghshoon/Desktop/ReactWeatherAlt/node_modules/babel-preset-react/package.json
11 verbose installManyTop reading scoped package data from /Users/sbarghshoon/Desktop/ReactWeatherAlt/node_modules/babel-preset-stage-0/package.json
12 verbose installManyTop reading scoped package data from /Users/sbarghshoon/Desktop/ReactWeatherAlt/node_modules/css-loader/package.json
13 verbose installManyTop reading scoped package data from /Users/sbarghshoon/Desktop/ReactWeatherAlt/node_modules/express/package.json
14 verbose installManyTop reading scoped package data from /Users/sbarghshoon/Desktop/ReactWeatherAlt/node_modules/foundation-sites/package.json
15 verbose installManyTop reading scoped package data from /Users/sbarghshoon/Desktop/ReactWeatherAlt/node_modules/install/package.json
16 verbose installManyTop reading scoped package data from /Users/sbarghshoon/Desktop/ReactWeatherAlt/node_modules/jquery/package.json
17 verbose installManyTop reading scoped package data from /Users/sbarghshoon/Desktop/ReactWeatherAlt/node_modules/npm/package.json
18 verbose installManyTop reading scoped package data from /Users/sbarghshoon/Desktop/ReactWeatherAlt/node_modules/react/package.json
19 verbose installManyTop reading scoped package data from /Users/sbarghshoon/Desktop/ReactWeatherAlt/node_modules/react-dom/package.json
20 verbose installManyTop reading scoped package data from /Users/sbarghshoon/Desktop/ReactWeatherAlt/node_modules/react-native/package.json
21 verbose installManyTop reading scoped package data from /Users/sbarghshoon/Desktop/ReactWeatherAlt/node_modules/react-redux/package.json
22 verbose installManyTop reading scoped package data from /Users/sbarghshoon/Desktop/ReactWeatherAlt/node_modules/react-router/package.json
23 verbose installManyTop reading scoped package data from /Users/sbarghshoon/Desktop/ReactWeatherAlt/node_modules/redux/package.json
24 verbose installManyTop reading scoped package data from /Users/sbarghshoon/Desktop/ReactWeatherAlt/node_modules/script-loader/package.json
25 verbose installManyTop reading scoped package data from /Users/sbarghshoon/Desktop/ReactWeatherAlt/node_modules/style-loader/package.json
26 verbose installManyTop reading scoped package data from /Users/sbarghshoon/Desktop/ReactWeatherAlt/node_modules/webpack/package.json
27 info package.json axios@0.15.2 No README data
28 info package.json react-native@0.36.1 No README data
29 info package.json script-loader@0.6.1 No license field.
30 verbose readDependencies loading dependencies from /Users/sbarghshoon/Desktop/ReactWeatherAlt/package.json
31 silly cache add args [ 'react@0.26.2', null ]
32 verbose cache add spec react@0.26.2
33 silly cache add parsed spec Result {
33 silly cache add   raw: 'react@0.26.2',
33 silly cache add   scope: null,
33 silly cache add   name: 'react',
33 silly cache add   rawSpec: '0.26.2',
33 silly cache add   spec: '0.26.2',
33 silly cache add   type: 'version' }
34 silly addNamed react@0.26.2
35 verbose addNamed "0.26.2" is a plain semver version for react
36 silly mapToRegistry name react
37 silly mapToRegistry using default registry
38 silly mapToRegistry registry https://registry.npmjs.org/
39 silly mapToRegistry data Result {
39 silly mapToRegistry   raw: 'react',
39 silly mapToRegistry   scope: null,
39 silly mapToRegistry   name: 'react',
39 silly mapToRegistry   rawSpec: '',
39 silly mapToRegistry   spec: 'latest',
39 silly mapToRegistry   type: 'tag' }
40 silly mapToRegistry uri https://registry.npmjs.org/react
41 verbose addNameVersion registry:https://registry.npmjs.org/react not in flight; fetching
42 verbose request uri https://registry.npmjs.org/react
43 verbose request no auth needed
44 info attempt registry request try #1 at 4:11:12 PM
45 verbose request id 0c54afb6958d34f3
46 verbose etag "1MWROOGSJNRGSH6JFT5D49UQ0"
47 http request GET https://registry.npmjs.org/react
48 http 200 https://registry.npmjs.org/react
49 verbose headers { server: 'CouchDB/1.6.1 (Erlang OTP/R16B03)',
49 verbose headers   etag: '"88IMNDVBVGW7W37SF5U8O9M2L"',
49 verbose headers   'content-type': 'application/json',
49 verbose headers   'content-encoding': 'gzip',
49 verbose headers   'cache-control': 'max-age=300',
49 verbose headers   'content-length': '15542',
49 verbose headers   'accept-ranges': 'bytes',
49 verbose headers   date: 'Mon, 07 Nov 2016 21:11:12 GMT',
49 verbose headers   via: '1.1 varnish',
49 verbose headers   age: '231',
49 verbose headers   connection: 'keep-alive',
49 verbose headers   'x-served-by': 'cache-iad2647-IAD',
49 verbose headers   'x-cache': 'HIT',
49 verbose headers   'x-cache-hits': '1',
49 verbose headers   'x-timer': 'S1478553072.482006,VS0,VE0',
49 verbose headers   vary: 'Accept-Encoding' }
50 silly get cb [ 200,
50 silly get   { server: 'CouchDB/1.6.1 (Erlang OTP/R16B03)',
50 silly get     etag: '"88IMNDVBVGW7W37SF5U8O9M2L"',
50 silly get     'content-type': 'application/json',
50 silly get     'content-encoding': 'gzip',
50 silly get     'cache-control': 'max-age=300',
50 silly get     'content-length': '15542',
50 silly get     'accept-ranges': 'bytes',
50 silly get     date: 'Mon, 07 Nov 2016 21:11:12 GMT',
50 silly get     via: '1.1 varnish',
50 silly get     age: '231',
50 silly get     connection: 'keep-alive',
50 silly get     'x-served-by': 'cache-iad2647-IAD',
50 silly get     'x-cache': 'HIT',
50 silly get     'x-cache-hits': '1',
50 silly get     'x-timer': 'S1478553072.482006,VS0,VE0',
50 silly get     vary: 'Accept-Encoding' } ]
51 verbose get saving react to /Users/sbarghshoon/.npm/registry.npmjs.org/react/.cache.json
52 verbose correctMkdir /Users/sbarghshoon/.npm correctMkdir not in flight; initializing
53 verbose stack Error: version not found: react@0.26.2
53 verbose stack     at setData (/usr/local/lib/node_modules/npm/lib/cache/add-named.js:137:12)
53 verbose stack     at RES (/usr/local/lib/node_modules/npm/node_modules/inflight/inflight.js:23:14)
53 verbose stack     at f (/usr/local/lib/node_modules/npm/node_modules/once/once.js:17:25)
53 verbose stack     at fixName (/usr/local/lib/node_modules/npm/lib/cache/add-named.js:29:5)
53 verbose stack     at saved (/usr/local/lib/node_modules/npm/lib/cache/caching-client.js:173:7)
53 verbose stack     at /usr/local/lib/node_modules/npm/node_modules/graceful-fs/polyfills.js:210:7
53 verbose stack     at FSReqWrap.oncomplete (fs.js:82:15)
54 verbose statusCode 404
55 verbose cwd /Users/sbarghshoon/Desktop/ReactWeatherAlt
56 error Darwin 10.8.0
57 error argv "/usr/local/bin/node" "/usr/local/bin/npm" "install" "--save" "react@0.26.2"
58 error node v4.4.3
59 error npm  v2.15.1
60 error version not found: react@0.26.2
61 error If you need help, you may report this error at:
61 error     <https://github.com/npm/npm/issues>
62 verbose exit [ 1, true ]
